<?xml version="1.0" encoding="UTF-8"?>
<testsuite name="shop.products.ProductCatalogTest" tests="1" skipped="0" failures="0" errors="0" timestamp="2025-07-29T10:16:23" hostname="FAR-EASTERN" time="0.019">
  <properties/>
  <testcase name="testAddAndRetrieveProductById()" classname="shop.products.ProductCatalogTest" time="0.019"/>
  <system-out><![CDATA[]]></system-out>
  <system-err><![CDATA[]]></system-err>
</testsuite>
